<?xml version="1.0" encoding="UTF-8"?>
<testsuite xmlns:xsi="http://www.w3.org/2001/XMLSchema-instance" xsi:noNamespaceSchemaLocation="https://maven.apache.org/surefire/maven-surefire-plugin/xsd/surefire-test-report.xsd" name="TestSuite" time="1.082" tests="8" errors="0" skipped="7" failures="1">
  <properties>
    <property name="awt.toolkit" value="sun.awt.X11.XToolkit"/>
    <property name="file.encoding.pkg" value="sun.io"/>
    <property name="java.specification.version" value="1.8"/>
    <property name="sun.cpu.isalist" value=""/>
    <property name="sun.jnu.encoding" value="UTF-8"/>
    <property name="java.class.path" value="/var/lib/jenkins/workspace/Desire_Automation_Script/target/test-classes:/var/lib/jenkins/workspace/Desire_Automation_Script/target/classes:/var/lib/jenkins/.m2/repository/org/seleniumhq/selenium/selenium-java/3.12.0/selenium-java-3.12.0.jar:/var/lib/jenkins/.m2/repository/org/seleniumhq/selenium/selenium-api/3.12.0/selenium-api-3.12.0.jar:/var/lib/jenkins/.m2/repository/org/seleniumhq/selenium/selenium-chrome-driver/3.12.0/selenium-chrome-driver-3.12.0.jar:/var/lib/jenkins/.m2/repository/org/seleniumhq/selenium/selenium-edge-driver/3.12.0/selenium-edge-driver-3.12.0.jar:/var/lib/jenkins/.m2/repository/org/seleniumhq/selenium/selenium-firefox-driver/3.12.0/selenium-firefox-driver-3.12.0.jar:/var/lib/jenkins/.m2/repository/org/seleniumhq/selenium/selenium-ie-driver/3.12.0/selenium-ie-driver-3.12.0.jar:/var/lib/jenkins/.m2/repository/org/seleniumhq/selenium/selenium-opera-driver/3.12.0/selenium-opera-driver-3.12.0.jar:/var/lib/jenkins/.m2/repository/org/seleniumhq/selenium/selenium-remote-driver/3.12.0/selenium-remote-driver-3.12.0.jar:/var/lib/jenkins/.m2/repository/org/seleniumhq/selenium/selenium-safari-driver/3.12.0/selenium-safari-driver-3.12.0.jar:/var/lib/jenkins/.m2/repository/org/seleniumhq/selenium/selenium-support/3.12.0/selenium-support-3.12.0.jar:/var/lib/jenkins/.m2/repository/net/bytebuddy/byte-buddy/1.8.3/byte-buddy-1.8.3.jar:/var/lib/jenkins/.m2/repository/org/apache/commons/commons-exec/1.3/commons-exec-1.3.jar:/var/lib/jenkins/.m2/repository/commons-codec/commons-codec/1.10/commons-codec-1.10.jar:/var/lib/jenkins/.m2/repository/commons-logging/commons-logging/1.2/commons-logging-1.2.jar:/var/lib/jenkins/.m2/repository/com/google/code/gson/gson/2.8.2/gson-2.8.2.jar:/var/lib/jenkins/.m2/repository/com/google/guava/guava/23.6-jre/guava-23.6-jre.jar:/var/lib/jenkins/.m2/repository/com/google/code/findbugs/jsr305/1.3.9/jsr305-1.3.9.jar:/var/lib/jenkins/.m2/repository/org/checkerframework/checker-compat-qual/2.0.0/checker-compat-qual-2.0.0.jar:/var/lib/jenkins/.m2/repository/com/google/errorprone/error_prone_annotations/2.1.3/error_prone_annotations-2.1.3.jar:/var/lib/jenkins/.m2/repository/com/google/j2objc/j2objc-annotations/1.1/j2objc-annotations-1.1.jar:/var/lib/jenkins/.m2/repository/org/codehaus/mojo/animal-sniffer-annotations/1.14/animal-sniffer-annotations-1.14.jar:/var/lib/jenkins/.m2/repository/org/apache/httpcomponents/httpclient/4.5.3/httpclient-4.5.3.jar:/var/lib/jenkins/.m2/repository/org/apache/httpcomponents/httpcore/4.4.6/httpcore-4.4.6.jar:/var/lib/jenkins/.m2/repository/com/squareup/okhttp3/okhttp/3.9.1/okhttp-3.9.1.jar:/var/lib/jenkins/.m2/repository/com/squareup/okio/okio/1.13.0/okio-1.13.0.jar:/var/lib/jenkins/.m2/repository/org/testng/testng/6.14.3/testng-6.14.3.jar:/var/lib/jenkins/.m2/repository/com/beust/jcommander/1.72/jcommander-1.72.jar:/var/lib/jenkins/.m2/repository/org/apache-extras/beanshell/bsh/2.0b6/bsh-2.0b6.jar:/var/lib/jenkins/.m2/repository/org/apache/maven/plugins/maven-surefire-plugin/2.21.0/maven-surefire-plugin-2.21.0.jar:/var/lib/jenkins/.m2/repository/org/apache/maven/surefire/maven-surefire-common/2.21.0/maven-surefire-common-2.21.0.jar:/var/lib/jenkins/.m2/repository/org/apache/maven/maven-plugin-api/2.2.1/maven-plugin-api-2.2.1.jar:/var/lib/jenkins/.m2/repository/org/apache/maven/plugin-tools/maven-plugin-annotations/3.5/maven-plugin-annotations-3.5.jar:/var/lib/jenkins/.m2/repository/org/apache/maven/surefire/surefire-api/2.21.0/surefire-api-2.21.0.jar:/var/lib/jenkins/.m2/repository/org/apache/maven/surefire/surefire-logger-api/2.21.0/surefire-logger-api-2.21.0.jar:/var/lib/jenkins/.m2/repository/org/apache/maven/surefire/surefire-booter/2.21.0/surefire-booter-2.21.0.jar:/var/lib/jenkins/.m2/repository/org/apache/maven/maven-artifact/2.2.1/maven-artifact-2.2.1.jar:/var/lib/jenkins/.m2/repository/org/codehaus/plexus/plexus-utils/1.5.15/plexus-utils-1.5.15.jar:/var/lib/jenkins/.m2/repository/org/apache/maven/maven-plugin-descriptor/2.2.1/maven-plugin-descriptor-2.2.1.jar:/var/lib/jenkins/.m2/repository/org/codehaus/plexus/plexus-container-default/1.0-alpha-9-stable-1/plexus-container-default-1.0-alpha-9-stable-1.jar:/var/lib/jenkins/.m2/repository/junit/junit/3.8.1/junit-3.8.1.jar:/var/lib/jenkins/.m2/repository/org/apache/maven/maven-project/2.2.1/maven-project-2.2.1.jar:/var/lib/jenkins/.m2/repository/org/apache/maven/maven-settings/2.2.1/maven-settings-2.2.1.jar:/var/lib/jenkins/.m2/repository/org/apache/maven/maven-profile/2.2.1/maven-profile-2.2.1.jar:/var/lib/jenkins/.m2/repository/org/apache/maven/maven-artifact-manager/2.2.1/maven-artifact-manager-2.2.1.jar:/var/lib/jenkins/.m2/repository/backport-util-concurrent/backport-util-concurrent/3.1/backport-util-concurrent-3.1.jar:/var/lib/jenkins/.m2/repository/org/apache/maven/maven-plugin-registry/2.2.1/maven-plugin-registry-2.2.1.jar:/var/lib/jenkins/.m2/repository/org/codehaus/plexus/plexus-interpolation/1.11/plexus-interpolation-1.11.jar:/var/lib/jenkins/.m2/repository/org/apache/maven/maven-model/2.2.1/maven-model-2.2.1.jar:/var/lib/jenkins/.m2/repository/org/apache/maven/maven-core/2.2.1/maven-core-2.2.1.jar:/var/lib/jenkins/.m2/repository/org/apache/maven/maven-plugin-parameter-documenter/2.2.1/maven-plugin-parameter-documenter-2.2.1.jar:/var/lib/jenkins/.m2/repository/org/apache/maven/wagon/wagon-http/1.0-beta-6/wagon-http-1.0-beta-6.jar:/var/lib/jenkins/.m2/repository/org/apache/maven/wagon/wagon-http-shared/1.0-beta-6/wagon-http-shared-1.0-beta-6.jar:/var/lib/jenkins/.m2/repository/nekohtml/xercesMinimal/1.9.6.2/xercesMinimal-1.9.6.2.jar:/var/lib/jenkins/.m2/repository/nekohtml/nekohtml/1.9.6.2/nekohtml-1.9.6.2.jar:/var/lib/jenkins/.m2/repository/commons-httpclient/commons-httpclient/3.1/commons-httpclient-3.1.jar:/var/lib/jenkins/.m2/repository/org/apache/maven/wagon/wagon-webdav-jackrabbit/1.0-beta-6/wagon-webdav-jackrabbit-1.0-beta-6.jar:/var/lib/jenkins/.m2/repository/org/apache/jackrabbit/jackrabbit-webdav/1.5.0/jackrabbit-webdav-1.5.0.jar:/var/lib/jenkins/.m2/repository/org/apache/jackrabbit/jackrabbit-jcr-commons/1.5.0/jackrabbit-jcr-commons-1.5.0.jar:/var/lib/jenkins/.m2/repository/org/slf4j/slf4j-nop/1.5.3/slf4j-nop-1.5.3.jar:/var/lib/jenkins/.m2/repository/org/slf4j/slf4j-jdk14/1.5.6/slf4j-jdk14-1.5.6.jar:/var/lib/jenkins/.m2/repository/org/slf4j/slf4j-api/1.5.6/slf4j-api-1.5.6.jar:/var/lib/jenkins/.m2/repository/org/slf4j/jcl-over-slf4j/1.5.6/jcl-over-slf4j-1.5.6.jar:/var/lib/jenkins/.m2/repository/org/apache/maven/reporting/maven-reporting-api/2.2.1/maven-reporting-api-2.2.1.jar:/var/lib/jenkins/.m2/repository/org/apache/maven/doxia/doxia-logging-api/1.1/doxia-logging-api-1.1.jar:/var/lib/jenkins/.m2/repository/org/apache/maven/wagon/wagon-provider-api/1.0-beta-6/wagon-provider-api-1.0-beta-6.jar:/var/lib/jenkins/.m2/repository/org/apache/maven/maven-repository-metadata/2.2.1/maven-repository-metadata-2.2.1.jar:/var/lib/jenkins/.m2/repository/org/apache/maven/maven-error-diagnostics/2.2.1/maven-error-diagnostics-2.2.1.jar:/var/lib/jenkins/.m2/repository/org/apache/maven/maven-monitor/2.2.1/maven-monitor-2.2.1.jar:/var/lib/jenkins/.m2/repository/classworlds/classworlds/1.1/classworlds-1.1.jar:/var/lib/jenkins/.m2/repository/org/sonatype/plexus/plexus-sec-dispatcher/1.3/plexus-sec-dispatcher-1.3.jar:/var/lib/jenkins/.m2/repository/org/sonatype/plexus/plexus-cipher/1.4/plexus-cipher-1.4.jar:/var/lib/jenkins/.m2/repository/org/apache/maven/maven-toolchain/2.2.1/maven-toolchain-2.2.1.jar:/var/lib/jenkins/.m2/repository/org/codehaus/plexus/plexus-java/0.9.3/plexus-java-0.9.3.jar:/var/lib/jenkins/.m2/repository/org/ow2/asm/asm/6.0_BETA/asm-6.0_BETA.jar:/var/lib/jenkins/.m2/repository/com/thoughtworks/qdox/qdox/2.0-M7/qdox-2.0-M7.jar:/var/lib/jenkins/.m2/repository/com/relevantcodes/extentreports/2.41.2/extentreports-2.41.2.jar:/var/lib/jenkins/.m2/repository/org/jsoup/jsoup/1.8.3/jsoup-1.8.3.jar:/var/lib/jenkins/.m2/repository/org/xerial/sqlite-jdbc/3.8.11.1/sqlite-jdbc-3.8.11.1.jar:/var/lib/jenkins/.m2/repository/org/freemarker/freemarker/2.3.23/freemarker-2.3.23.jar:/var/lib/jenkins/.m2/repository/org/mongodb/mongodb-driver/3.0.4/mongodb-driver-3.0.4.jar:/var/lib/jenkins/.m2/repository/org/mongodb/bson/3.0.4/bson-3.0.4.jar:/var/lib/jenkins/.m2/repository/org/mongodb/mongodb-driver-core/3.0.4/mongodb-driver-core-3.0.4.jar:/var/lib/jenkins/.m2/repository/log4j/log4j/1.2.17/log4j-1.2.17.jar:/var/lib/jenkins/.m2/repository/org/apache/poi/poi/3.10-FINAL/poi-3.10-FINAL.jar:/var/lib/jenkins/.m2/repository/org/apache/poi/poi-ooxml/3.10-FINAL/poi-ooxml-3.10-FINAL.jar:/var/lib/jenkins/.m2/repository/org/apache/poi/poi-ooxml-schemas/3.10-FINAL/poi-ooxml-schemas-3.10-FINAL.jar:/var/lib/jenkins/.m2/repository/org/apache/xmlbeans/xmlbeans/2.3.0/xmlbeans-2.3.0.jar:/var/lib/jenkins/.m2/repository/stax/stax-api/1.0.1/stax-api-1.0.1.jar:/var/lib/jenkins/.m2/repository/dom4j/dom4j/1.6.1/dom4j-1.6.1.jar:/var/lib/jenkins/.m2/repository/xml-apis/xml-apis/1.0.b2/xml-apis-1.0.b2.jar:/var/lib/jenkins/.m2/repository/org/apache/maven/surefire/surefire-testng-utils/2.21.0/surefire-testng-utils-2.21.0.jar:/var/lib/jenkins/.m2/repository/org/apache/maven/surefire/surefire-grouper/2.21.0/surefire-grouper-2.21.0.jar:"/>
    <property name="java.vm.vendor" value="Oracle Corporation"/>
    <property name="sun.arch.data.model" value="64"/>
    <property name="java.vendor.url" value="http://java.oracle.com/"/>
    <property name="user.timezone" value=""/>
    <property name="java.vm.specification.version" value="1.8"/>
    <property name="os.name" value="Linux"/>
    <property name="user.country" value="US"/>
    <property name="sun.java.launcher" value="SUN_STANDARD"/>
    <property name="sun.boot.library.path" value="/usr/lib/jvm/java-8-oracle/jre/lib/amd64"/>
    <property name="sun.java.command" value="/var/lib/jenkins/workspace/Desire_Automation_Script/target/surefire/surefirebooter4338882388142800956.jar /var/lib/jenkins/workspace/Desire_Automation_Script/target/surefire 2018-07-24T11-23-57_562-jvmRun1 surefire7659431028379698212tmp surefire_02368193642811925442tmp"/>
    <property name="surefire.test.class.path" value="/var/lib/jenkins/workspace/Desire_Automation_Script/target/test-classes:/var/lib/jenkins/workspace/Desire_Automation_Script/target/classes:/var/lib/jenkins/.m2/repository/org/seleniumhq/selenium/selenium-java/3.12.0/selenium-java-3.12.0.jar:/var/lib/jenkins/.m2/repository/org/seleniumhq/selenium/selenium-api/3.12.0/selenium-api-3.12.0.jar:/var/lib/jenkins/.m2/repository/org/seleniumhq/selenium/selenium-chrome-driver/3.12.0/selenium-chrome-driver-3.12.0.jar:/var/lib/jenkins/.m2/repository/org/seleniumhq/selenium/selenium-edge-driver/3.12.0/selenium-edge-driver-3.12.0.jar:/var/lib/jenkins/.m2/repository/org/seleniumhq/selenium/selenium-firefox-driver/3.12.0/selenium-firefox-driver-3.12.0.jar:/var/lib/jenkins/.m2/repository/org/seleniumhq/selenium/selenium-ie-driver/3.12.0/selenium-ie-driver-3.12.0.jar:/var/lib/jenkins/.m2/repository/org/seleniumhq/selenium/selenium-opera-driver/3.12.0/selenium-opera-driver-3.12.0.jar:/var/lib/jenkins/.m2/repository/org/seleniumhq/selenium/selenium-remote-driver/3.12.0/selenium-remote-driver-3.12.0.jar:/var/lib/jenkins/.m2/repository/org/seleniumhq/selenium/selenium-safari-driver/3.12.0/selenium-safari-driver-3.12.0.jar:/var/lib/jenkins/.m2/repository/org/seleniumhq/selenium/selenium-support/3.12.0/selenium-support-3.12.0.jar:/var/lib/jenkins/.m2/repository/net/bytebuddy/byte-buddy/1.8.3/byte-buddy-1.8.3.jar:/var/lib/jenkins/.m2/repository/org/apache/commons/commons-exec/1.3/commons-exec-1.3.jar:/var/lib/jenkins/.m2/repository/commons-codec/commons-codec/1.10/commons-codec-1.10.jar:/var/lib/jenkins/.m2/repository/commons-logging/commons-logging/1.2/commons-logging-1.2.jar:/var/lib/jenkins/.m2/repository/com/google/code/gson/gson/2.8.2/gson-2.8.2.jar:/var/lib/jenkins/.m2/repository/com/google/guava/guava/23.6-jre/guava-23.6-jre.jar:/var/lib/jenkins/.m2/repository/com/google/code/findbugs/jsr305/1.3.9/jsr305-1.3.9.jar:/var/lib/jenkins/.m2/repository/org/checkerframework/checker-compat-qual/2.0.0/checker-compat-qual-2.0.0.jar:/var/lib/jenkins/.m2/repository/com/google/errorprone/error_prone_annotations/2.1.3/error_prone_annotations-2.1.3.jar:/var/lib/jenkins/.m2/repository/com/google/j2objc/j2objc-annotations/1.1/j2objc-annotations-1.1.jar:/var/lib/jenkins/.m2/repository/org/codehaus/mojo/animal-sniffer-annotations/1.14/animal-sniffer-annotations-1.14.jar:/var/lib/jenkins/.m2/repository/org/apache/httpcomponents/httpclient/4.5.3/httpclient-4.5.3.jar:/var/lib/jenkins/.m2/repository/org/apache/httpcomponents/httpcore/4.4.6/httpcore-4.4.6.jar:/var/lib/jenkins/.m2/repository/com/squareup/okhttp3/okhttp/3.9.1/okhttp-3.9.1.jar:/var/lib/jenkins/.m2/repository/com/squareup/okio/okio/1.13.0/okio-1.13.0.jar:/var/lib/jenkins/.m2/repository/org/testng/testng/6.14.3/testng-6.14.3.jar:/var/lib/jenkins/.m2/repository/com/beust/jcommander/1.72/jcommander-1.72.jar:/var/lib/jenkins/.m2/repository/org/apache-extras/beanshell/bsh/2.0b6/bsh-2.0b6.jar:/var/lib/jenkins/.m2/repository/org/apache/maven/plugins/maven-surefire-plugin/2.21.0/maven-surefire-plugin-2.21.0.jar:/var/lib/jenkins/.m2/repository/org/apache/maven/surefire/maven-surefire-common/2.21.0/maven-surefire-common-2.21.0.jar:/var/lib/jenkins/.m2/repository/org/apache/maven/maven-plugin-api/2.2.1/maven-plugin-api-2.2.1.jar:/var/lib/jenkins/.m2/repository/org/apache/maven/plugin-tools/maven-plugin-annotations/3.5/maven-plugin-annotations-3.5.jar:/var/lib/jenkins/.m2/repository/org/apache/maven/surefire/surefire-api/2.21.0/surefire-api-2.21.0.jar:/var/lib/jenkins/.m2/repository/org/apache/maven/surefire/surefire-logger-api/2.21.0/surefire-logger-api-2.21.0.jar:/var/lib/jenkins/.m2/repository/org/apache/maven/surefire/surefire-booter/2.21.0/surefire-booter-2.21.0.jar:/var/lib/jenkins/.m2/repository/org/apache/maven/maven-artifact/2.2.1/maven-artifact-2.2.1.jar:/var/lib/jenkins/.m2/repository/org/codehaus/plexus/plexus-utils/1.5.15/plexus-utils-1.5.15.jar:/var/lib/jenkins/.m2/repository/org/apache/maven/maven-plugin-descriptor/2.2.1/maven-plugin-descriptor-2.2.1.jar:/var/lib/jenkins/.m2/repository/org/codehaus/plexus/plexus-container-default/1.0-alpha-9-stable-1/plexus-container-default-1.0-alpha-9-stable-1.jar:/var/lib/jenkins/.m2/repository/junit/junit/3.8.1/junit-3.8.1.jar:/var/lib/jenkins/.m2/repository/org/apache/maven/maven-project/2.2.1/maven-project-2.2.1.jar:/var/lib/jenkins/.m2/repository/org/apache/maven/maven-settings/2.2.1/maven-settings-2.2.1.jar:/var/lib/jenkins/.m2/repository/org/apache/maven/maven-profile/2.2.1/maven-profile-2.2.1.jar:/var/lib/jenkins/.m2/repository/org/apache/maven/maven-artifact-manager/2.2.1/maven-artifact-manager-2.2.1.jar:/var/lib/jenkins/.m2/repository/backport-util-concurrent/backport-util-concurrent/3.1/backport-util-concurrent-3.1.jar:/var/lib/jenkins/.m2/repository/org/apache/maven/maven-plugin-registry/2.2.1/maven-plugin-registry-2.2.1.jar:/var/lib/jenkins/.m2/repository/org/codehaus/plexus/plexus-interpolation/1.11/plexus-interpolation-1.11.jar:/var/lib/jenkins/.m2/repository/org/apache/maven/maven-model/2.2.1/maven-model-2.2.1.jar:/var/lib/jenkins/.m2/repository/org/apache/maven/maven-core/2.2.1/maven-core-2.2.1.jar:/var/lib/jenkins/.m2/repository/org/apache/maven/maven-plugin-parameter-documenter/2.2.1/maven-plugin-parameter-documenter-2.2.1.jar:/var/lib/jenkins/.m2/repository/org/apache/maven/wagon/wagon-http/1.0-beta-6/wagon-http-1.0-beta-6.jar:/var/lib/jenkins/.m2/repository/org/apache/maven/wagon/wagon-http-shared/1.0-beta-6/wagon-http-shared-1.0-beta-6.jar:/var/lib/jenkins/.m2/repository/nekohtml/xercesMinimal/1.9.6.2/xercesMinimal-1.9.6.2.jar:/var/lib/jenkins/.m2/repository/nekohtml/nekohtml/1.9.6.2/nekohtml-1.9.6.2.jar:/var/lib/jenkins/.m2/repository/commons-httpclient/commons-httpclient/3.1/commons-httpclient-3.1.jar:/var/lib/jenkins/.m2/repository/org/apache/maven/wagon/wagon-webdav-jackrabbit/1.0-beta-6/wagon-webdav-jackrabbit-1.0-beta-6.jar:/var/lib/jenkins/.m2/repository/org/apache/jackrabbit/jackrabbit-webdav/1.5.0/jackrabbit-webdav-1.5.0.jar:/var/lib/jenkins/.m2/repository/org/apache/jackrabbit/jackrabbit-jcr-commons/1.5.0/jackrabbit-jcr-commons-1.5.0.jar:/var/lib/jenkins/.m2/repository/org/slf4j/slf4j-nop/1.5.3/slf4j-nop-1.5.3.jar:/var/lib/jenkins/.m2/repository/org/slf4j/slf4j-jdk14/1.5.6/slf4j-jdk14-1.5.6.jar:/var/lib/jenkins/.m2/repository/org/slf4j/slf4j-api/1.5.6/slf4j-api-1.5.6.jar:/var/lib/jenkins/.m2/repository/org/slf4j/jcl-over-slf4j/1.5.6/jcl-over-slf4j-1.5.6.jar:/var/lib/jenkins/.m2/repository/org/apache/maven/reporting/maven-reporting-api/2.2.1/maven-reporting-api-2.2.1.jar:/var/lib/jenkins/.m2/repository/org/apache/maven/doxia/doxia-logging-api/1.1/doxia-logging-api-1.1.jar:/var/lib/jenkins/.m2/repository/org/apache/maven/wagon/wagon-provider-api/1.0-beta-6/wagon-provider-api-1.0-beta-6.jar:/var/lib/jenkins/.m2/repository/org/apache/maven/maven-repository-metadata/2.2.1/maven-repository-metadata-2.2.1.jar:/var/lib/jenkins/.m2/repository/org/apache/maven/maven-error-diagnostics/2.2.1/maven-error-diagnostics-2.2.1.jar:/var/lib/jenkins/.m2/repository/org/apache/maven/maven-monitor/2.2.1/maven-monitor-2.2.1.jar:/var/lib/jenkins/.m2/repository/classworlds/classworlds/1.1/classworlds-1.1.jar:/var/lib/jenkins/.m2/repository/org/sonatype/plexus/plexus-sec-dispatcher/1.3/plexus-sec-dispatcher-1.3.jar:/var/lib/jenkins/.m2/repository/org/sonatype/plexus/plexus-cipher/1.4/plexus-cipher-1.4.jar:/var/lib/jenkins/.m2/repository/org/apache/maven/maven-toolchain/2.2.1/maven-toolchain-2.2.1.jar:/var/lib/jenkins/.m2/repository/org/codehaus/plexus/plexus-java/0.9.3/plexus-java-0.9.3.jar:/var/lib/jenkins/.m2/repository/org/ow2/asm/asm/6.0_BETA/asm-6.0_BETA.jar:/var/lib/jenkins/.m2/repository/com/thoughtworks/qdox/qdox/2.0-M7/qdox-2.0-M7.jar:/var/lib/jenkins/.m2/repository/com/relevantcodes/extentreports/2.41.2/extentreports-2.41.2.jar:/var/lib/jenkins/.m2/repository/org/jsoup/jsoup/1.8.3/jsoup-1.8.3.jar:/var/lib/jenkins/.m2/repository/org/xerial/sqlite-jdbc/3.8.11.1/sqlite-jdbc-3.8.11.1.jar:/var/lib/jenkins/.m2/repository/org/freemarker/freemarker/2.3.23/freemarker-2.3.23.jar:/var/lib/jenkins/.m2/repository/org/mongodb/mongodb-driver/3.0.4/mongodb-driver-3.0.4.jar:/var/lib/jenkins/.m2/repository/org/mongodb/bson/3.0.4/bson-3.0.4.jar:/var/lib/jenkins/.m2/repository/org/mongodb/mongodb-driver-core/3.0.4/mongodb-driver-core-3.0.4.jar:/var/lib/jenkins/.m2/repository/log4j/log4j/1.2.17/log4j-1.2.17.jar:/var/lib/jenkins/.m2/repository/org/apache/poi/poi/3.10-FINAL/poi-3.10-FINAL.jar:/var/lib/jenkins/.m2/repository/org/apache/poi/poi-ooxml/3.10-FINAL/poi-ooxml-3.10-FINAL.jar:/var/lib/jenkins/.m2/repository/org/apache/poi/poi-ooxml-schemas/3.10-FINAL/poi-ooxml-schemas-3.10-FINAL.jar:/var/lib/jenkins/.m2/repository/org/apache/xmlbeans/xmlbeans/2.3.0/xmlbeans-2.3.0.jar:/var/lib/jenkins/.m2/repository/stax/stax-api/1.0.1/stax-api-1.0.1.jar:/var/lib/jenkins/.m2/repository/dom4j/dom4j/1.6.1/dom4j-1.6.1.jar:/var/lib/jenkins/.m2/repository/xml-apis/xml-apis/1.0.b2/xml-apis-1.0.b2.jar:/var/lib/jenkins/.m2/repository/org/apache/maven/surefire/surefire-testng-utils/2.21.0/surefire-testng-utils-2.21.0.jar:/var/lib/jenkins/.m2/repository/org/apache/maven/surefire/surefire-grouper/2.21.0/surefire-grouper-2.21.0.jar:"/>
    <property name="sun.cpu.endian" value="little"/>
    <property name="user.home" value="/var/lib/jenkins"/>
    <property name="user.language" value="en"/>
    <property name="java.specification.vendor" value="Oracle Corporation"/>
    <property name="java.home" value="/usr/lib/jvm/java-8-oracle/jre"/>
    <property name="basedir" value="/var/lib/jenkins/workspace/Desire_Automation_Script"/>
    <property name="file.separator" value="/"/>
    <property name="line.separator" value="&#10;"/>
    <property name="java.vm.specification.vendor" value="Oracle Corporation"/>
    <property name="java.specification.name" value="Java Platform API Specification"/>
    <property name="java.awt.graphicsenv" value="sun.awt.X11GraphicsEnvironment"/>
    <property name="surefire.real.class.path" value="/var/lib/jenkins/workspace/Desire_Automation_Script/target/surefire/surefirebooter4338882388142800956.jar"/>
    <property name="sun.boot.class.path" value="/usr/lib/jvm/java-8-oracle/jre/lib/resources.jar:/usr/lib/jvm/java-8-oracle/jre/lib/rt.jar:/usr/lib/jvm/java-8-oracle/jre/lib/sunrsasign.jar:/usr/lib/jvm/java-8-oracle/jre/lib/jsse.jar:/usr/lib/jvm/java-8-oracle/jre/lib/jce.jar:/usr/lib/jvm/java-8-oracle/jre/lib/charsets.jar:/usr/lib/jvm/java-8-oracle/jre/lib/jfr.jar:/usr/lib/jvm/java-8-oracle/jre/classes"/>
    <property name="sun.management.compiler" value="HotSpot 64-Bit Tiered Compilers"/>
    <property name="java.runtime.version" value="1.8.0_171-b11"/>
    <property name="user.name" value="jenkins"/>
    <property name="path.separator" value=":"/>
    <property name="os.version" value="4.4.0-1062-aws"/>
    <property name="java.endorsed.dirs" value="/usr/lib/jvm/java-8-oracle/jre/lib/endorsed"/>
    <property name="java.runtime.name" value="Java(TM) SE Runtime Environment"/>
    <property name="file.encoding" value="UTF-8"/>
    <property name="java.vm.name" value="Java HotSpot(TM) 64-Bit Server VM"/>
    <property name="localRepository" value="/var/lib/jenkins/.m2/repository"/>
    <property name="java.vendor.url.bug" value="http://bugreport.sun.com/bugreport/"/>
    <property name="java.io.tmpdir" value="/tmp"/>
    <property name="java.version" value="1.8.0_171"/>
    <property name="user.dir" value="/var/lib/jenkins/workspace/Desire_Automation_Script"/>
    <property name="os.arch" value="amd64"/>
    <property name="java.vm.specification.name" value="Java Virtual Machine Specification"/>
    <property name="java.awt.printerjob" value="sun.print.PSPrinterJob"/>
    <property name="sun.os.patch.level" value="unknown"/>
    <property name="java.library.path" value="/usr/java/packages/lib/amd64:/usr/lib64:/lib64:/lib:/usr/lib"/>
    <property name="java.vm.info" value="mixed mode"/>
    <property name="java.vendor" value="Oracle Corporation"/>
    <property name="java.vm.version" value="25.171-b11"/>
    <property name="java.ext.dirs" value="/usr/lib/jvm/java-8-oracle/jre/lib/ext:/usr/java/packages/lib/ext"/>
    <property name="sun.io.unicode.encoding" value="UnicodeLittle"/>
    <property name="java.class.version" value="52.0"/>
  </properties>
  <testcase name="Browser_URL_SetUP" classname="TestCases.GuestUser" time="0.678">
    <failure type="java.lang.NullPointerException">java.lang.NullPointerException
</failure>
    <system-out><![CDATA[java.lang.IllegalStateException: The driver is not executable: /var/lib/jenkins/workspace/Desire_Automation_Script/lib/DriverRelated/chromedriver_win32/install.sh
	at com.google.common.base.Preconditions.checkState(Preconditions.java:585)
	at org.openqa.selenium.remote.service.DriverService.checkExecutable(DriverService.java:140)
	at org.openqa.selenium.remote.service.DriverService.findExecutable(DriverService.java:131)
	at org.openqa.selenium.chrome.ChromeDriverService.access$000(ChromeDriverService.java:33)
	at org.openqa.selenium.chrome.ChromeDriverService$Builder.findDefaultExecutable(ChromeDriverService.java:139)
	at org.openqa.selenium.remote.service.DriverService$Builder.build(DriverService.java:335)
	at org.openqa.selenium.chrome.ChromeDriverService.createDefaultService(ChromeDriverService.java:89)
	at org.openqa.selenium.chrome.ChromeDriver.<init>(ChromeDriver.java:157)
	at globals.Globals.browserSelect(Globals.java:592)
	at globals.Globals.setUp(Globals.java:771)
	at TestCases.BaseTest.Browser_URL_SetUP(BaseTest.java:67)
	at sun.reflect.NativeMethodAccessorImpl.invoke0(Native Method)
	at sun.reflect.NativeMethodAccessorImpl.invoke(NativeMethodAccessorImpl.java:62)
	at sun.reflect.DelegatingMethodAccessorImpl.invoke(DelegatingMethodAccessorImpl.java:43)
	at java.lang.reflect.Method.invoke(Method.java:498)
	at org.testng.internal.MethodInvocationHelper.invokeMethod(MethodInvocationHelper.java:124)
	at org.testng.internal.MethodInvocationHelper.invokeMethodConsideringTimeout(MethodInvocationHelper.java:59)
	at org.testng.internal.Invoker.invokeConfigurationMethod(Invoker.java:458)
	at org.testng.internal.Invoker.invokeConfigurations(Invoker.java:222)
	at org.testng.internal.Invoker.invokeConfigurations(Invoker.java:142)
	at org.testng.internal.TestMethodWorker.invokeBeforeClassMethods(TestMethodWorker.java:168)
	at org.testng.internal.TestMethodWorker.run(TestMethodWorker.java:105)
	at org.testng.TestRunner.privateRun(TestRunner.java:648)
	at org.testng.TestRunner.run(TestRunner.java:505)
	at org.testng.SuiteRunner.runTest(SuiteRunner.java:455)
	at org.testng.SuiteRunner.runSequentially(SuiteRunner.java:450)
	at org.testng.SuiteRunner.privateRun(SuiteRunner.java:415)
	at org.testng.SuiteRunner.run(SuiteRunner.java:364)
	at org.testng.SuiteRunnerWorker.runSuite(SuiteRunnerWorker.java:52)
	at org.testng.SuiteRunnerWorker.run(SuiteRunnerWorker.java:84)
	at org.testng.TestNG.runSuitesSequentially(TestNG.java:1208)
	at org.testng.TestNG.runSuitesLocally(TestNG.java:1137)
	at org.testng.TestNG.runSuites(TestNG.java:1049)
	at org.testng.TestNG.run(TestNG.java:1017)
	at org.apache.maven.surefire.testng.TestNGExecutor.run(TestNGExecutor.java:283)
	at org.apache.maven.surefire.testng.TestNGXmlTestSuite.execute(TestNGXmlTestSuite.java:75)
	at org.apache.maven.surefire.testng.TestNGProvider.invoke(TestNGProvider.java:120)
	at org.apache.maven.surefire.booter.ForkedBooter.invokeProviderInSameClassLoader(ForkedBooter.java:379)
	at org.apache.maven.surefire.booter.ForkedBooter.runSuitesInProcess(ForkedBooter.java:340)
	at org.apache.maven.surefire.booter.ForkedBooter.execute(ForkedBooter.java:125)
	at org.apache.maven.surefire.booter.ForkedBooter.main(ForkedBooter.java:413)

]]></system-out>
    <system-err><![CDATA[Jul 24, 2018 11:23:59 AM org.openqa.selenium.remote.DesiredCapabilities chrome
INFO: Using `new ChromeOptions()` is preferred to `DesiredCapabilities.chrome()`
]]></system-err>
  </testcase>
  <testcase name="Verify_Home_Screen_Header_Footer" classname="TestCases.GuestUser" time="0">
    <skipped/>
  </testcase>
  <testcase name="getResult" classname="TestCases.GuestUser" time="0">
    <skipped/>
  </testcase>
  <testcase name="Browse_Categories" classname="TestCases.GuestUser" time="0">
    <skipped message="Method GuestUser.Browse_Categories()[pri:0, instance:TestCases.GuestUser@68c4039c] depends on not successfully finished methods"/>
  </testcase>
  <testcase name="Search_Result_Display" classname="TestCases.GuestUser" time="0">
    <skipped message="Method GuestUser.Search_Result_Display()[pri:0, instance:TestCases.GuestUser@68c4039c] depends on not successfully finished methods"/>
  </testcase>
  <testcase name="Guest_User_BrowseCategory_MiniCart_Validations" classname="TestCases.GuestUser" time="0">
    <skipped message="Method GuestUser.Guest_User_BrowseCategory_MiniCart_Validations()[pri:0, instance:TestCases.GuestUser@68c4039c] depends on not successfully finished methods"/>
  </testcase>
  <testcase name="Guest_User_SearchResult_MiniCart_VAlidations" classname="TestCases.GuestUser" time="0">
    <skipped message="Method GuestUser.Guest_User_SearchResult_MiniCart_VAlidations()[pri:0, instance:TestCases.GuestUser@68c4039c] depends on not successfully finished methods"/>
  </testcase>
  <testcase name="Guest_User_CheckOut_Frm_MiniCart" classname="TestCases.GuestUser" time="0">
    <skipped message="Method GuestUser.Guest_User_CheckOut_Frm_MiniCart(java.lang.String, java.lang.String, java.lang.String, java.lang.String, java.lang.String, java.lang.String)[pri:0, instance:TestCases.GuestUser@68c4039c] depends on not successfully finished methods"/>
  </testcase>
</testsuite>